<?xml version="1.0" encoding="UTF-8"?>
<!-- Generated by org.testng.reporters.JUnitReportReporter -->
<testsuite hostname="LTPC0K7AG1" failures="0" tests="1" name="Assignment.Assignment2" time="10.944" errors="0" timestamp="08 Sep 2019 13:50:13 GMT" skipped="0">
  <testcase classname="Assignment.Assignment2" name="ValidatelandingPage_Title" time="10.944"/>
</testsuite> <!-- Assignment.Assignment2 -->
