<?xml version="1.0" encoding="UTF-8"?>
<!-- Generated by org.testng.reporters.JUnitReportReporter -->
<testsuite hostname="LTPC0K7AG1" failures="0" tests="2" name="seleniumBasicCode.LaunchApplication" time="11.352" errors="0" timestamp="21 Aug 2019 05:10:52 GMT" skipped="0">
  <testcase classname="seleniumBasicCode.LaunchApplication" name="Tes1" time="0.016"/>
  <testcase classname="seleniumBasicCode.LaunchApplication" name="launchApplication" time="11.336"/>
</testsuite> <!-- seleniumBasicCode.LaunchApplication -->
