<?xml version="1.0" encoding="UTF-8"?>
<!-- Generated by org.testng.reporters.JUnitReportReporter -->
<testsuite hostname="LTPC0K7AG1" failures="0" tests="1" name="seleniumBasicCode.DropdownHandling" time="26.592" errors="0" timestamp="21 Aug 2019 09:00:30 GMT" skipped="0">
  <testcase classname="seleniumBasicCode.DropdownHandling" name="handleDropdown" time="26.592"/>
</testsuite> <!-- seleniumBasicCode.DropdownHandling -->
