<?xml version="1.0" encoding="UTF-8"?>
<!-- Generated by org.testng.reporters.JUnitReportReporter -->
<testsuite hostname="LTPC0K7AG1" failures="0" tests="1" name="seleniumBasicCode.FindElements" time="13.183" errors="0" timestamp="21 Aug 2019 07:38:09 GMT" skipped="0">
  <testcase classname="seleniumBasicCode.FindElements" name="findElements" time="13.183"/>
</testsuite> <!-- seleniumBasicCode.FindElements -->
