<?xml version="1.0" encoding="UTF-8"?>
<!-- Generated by org.testng.reporters.JUnitReportReporter -->
<testsuite hostname="LTPC0K7AG1" failures="0" tests="1" name="seleniumBasicCode.ReporterLogex" time="0.029" errors="0" timestamp="22 Aug 2019 11:07:21 GMT" skipped="0">
  <testcase classname="seleniumBasicCode.ReporterLogex" name="Test1" time="0.029"/>
</testsuite> <!-- seleniumBasicCode.ReporterLogex -->
