<?xml version="1.0" encoding="UTF-8"?>
<!-- Generated by org.testng.reporters.JUnitReportReporter -->
<testsuite hostname="LTPC0K7AG1" failures="0" tests="1" name="seleniumBasicCode.JavaScriptEx" time="17.786" errors="0" timestamp="28 Aug 2019 11:59:50 GMT" skipped="0">
  <testcase classname="seleniumBasicCode.JavaScriptEx" name="javaScriptExample" time="17.786"/>
</testsuite> <!-- seleniumBasicCode.JavaScriptEx -->
