<?xml version="1.0" encoding="UTF-8"?>
<!-- Generated by org.testng.reporters.JUnitReportReporter -->
<testsuite hostname="LTPC0K7AG1" failures="0" tests="1" name="seleniumBasicCode.TakeScreenShot" time="59.314" errors="0" timestamp="22 Aug 2019 12:01:05 GMT" skipped="0">
  <testcase classname="seleniumBasicCode.TakeScreenShot" name="takeScereenShot" time="59.314"/>
</testsuite> <!-- seleniumBasicCode.TakeScreenShot -->
