<?xml version="1.0" encoding="UTF-8"?>
<!-- Generated by org.testng.reporters.JUnitReportReporter -->
<testsuite hostname="LTPC0K7AG1" failures="0" tests="4" name="seleniumBasicCode.GroupTest" time="0.048" errors="0" timestamp="22 Aug 2019 09:07:23 GMT" skipped="0">
  <testcase classname="seleniumBasicCode.GroupTest" name="Test1" time="0.021"/>
  <testcase classname="seleniumBasicCode.GroupTest" name="Test2" time="0.020"/>
  <testcase classname="seleniumBasicCode.GroupTest" name="Test3" time="0.004"/>
  <testcase classname="seleniumBasicCode.GroupTest" name="Test4" time="0.003"/>
</testsuite> <!-- seleniumBasicCode.GroupTest -->
