<?xml version="1.0" encoding="UTF-8"?>
<!-- Generated by org.testng.reporters.JUnitReportReporter -->
<testsuite hostname="LTPC0K7AG1" failures="0" tests="1" name="seleniumBasicCode.LaunchApplication" time="12.646" errors="0" timestamp="09 Aug 2019 06:47:41 GMT" skipped="0">
  <testcase classname="seleniumBasicCode.LaunchApplication" name="launchApplication" time="12.646"/>
</testsuite> <!-- seleniumBasicCode.LaunchApplication -->
