<?xml version="1.0" encoding="UTF-8"?>
<!-- Generated by org.testng.reporters.JUnitReportReporter -->
<testsuite hostname="LTPC0K7AG1" failures="0" tests="1" name="seleniumBasicCode.LaunchFirefox" time="8.077" errors="0" timestamp="22 Aug 2019 08:09:02 GMT" skipped="0">
  <testcase classname="seleniumBasicCode.LaunchFirefox" name="launchFirefox" time="8.077"/>
</testsuite> <!-- seleniumBasicCode.LaunchFirefox -->
