<?xml version="1.0" encoding="UTF-8"?>
<!-- Generated by org.testng.reporters.JUnitReportReporter -->
<testsuite hostname="LTPC0K7AG1" failures="0" tests="1" name="seleniumBasicCode.ActionClass" time="16.262" errors="0" timestamp="21 Aug 2019 09:41:30 GMT" skipped="0">
  <testcase classname="seleniumBasicCode.ActionClass" name="handelKeyBoardEvent" time="16.262"/>
</testsuite> <!-- seleniumBasicCode.ActionClass -->
